[15:13:44] [INIT] KubeJS 2001.6.5-build.16; MC 2001 forge
[15:13:44] [INIT] Loaded plugins:
[15:13:44] [INIT] - org.mesdag.revjs.RevJSPlugin
[15:13:44] [INIT] - dev.latvian.mods.kubejs.forge.BuiltinKubeJSForgePlugin
[15:13:44] [INIT] - pro.mikey.kubeutils.kubejs.KubeUtilsPlugin
[15:13:44] [INIT] - net.zhaiji.kubejscurios.kubejs.KubeJSCuriosPlugin
[15:13:44] [INIT] - net.threetag.palladium.compat.kubejs.PalladiumKubeJSPlugin
[15:13:44] [INIT] - com.lowdragmc.lowdraglib.kjs.LDLibKubeJSPlugin
[15:13:44] [INIT] - pie.ilikepiefoo.kubejsoffline.OfflinePlugin
[15:13:44] [INIT] - com.squoshi.irons_spells_js.IronsSpellsJSPlugin
[15:13:44] [INIT] - com.squoshi.irons_spells_js.compat.entityjs.EntityJSPlugin
[15:13:44] [INIT] - zank.mods.eventjs.EventJSKubeJSPlugin
[15:13:44] [INIT] - mod.chloeprime.aaaparticles.common.compat.kubejs.AAAParticleKubeJSPlugin
[15:13:44] [INIT] - com.yiran.jsjs.kubejs.JavaScriptJSPlugin
[15:13:44] [INIT] - net.liopyu.entityjs.EntityJSPlugin
[15:13:44] [INIT] - com.almostreliable.morejs.Plugin
[15:13:44] [INIT] - pie.ilikepiefoo.AdditionsPlugin
[15:13:44] [INIT] - pie.ilikepiefoo.compat.jei.JEIKubeJSPlugin
[15:13:44] [INIT] - com.common.keybindjs.kubejs.KeyBindJSPlugin
[15:13:44] [INIT] - com.almostreliable.lootjs.kube.LootJSPlugin
[15:13:44] [INIT] - net.liopyu.animationjs.AnimationJSPlugin
[15:13:45] [INFO] example.js#5: Hello, World! (Loaded server scripts)
[15:13:45] [INFO] Loaded script server_scripts:example.js in 0.001 s
[15:13:45] [ERROR] ! addonpack_withered_soul:kubejs_scripts/angel_stuffs.js#483: Failed to load Java class 'io.github.douira.glsl_transformer.ast.data.ProxyArrayList': Class could not be found!
[15:13:45] [ERROR] ! …rhino.EvaluatorException: Failed to load Java class 'io.github.douira.glsl_transformer.ast.data.ProxyArrayList': Class could not be found! (addonpack_withered_soul:kubejs_scripts/angel_stuffs.js#483)
[15:13:45] [ERROR] !   at …rhino.DefaultErrorReporter.runtimeError(DefaultErrorReporter.java:67)
[15:13:45] [ERROR] !   at …rhino.Context.reportRuntimeError(Context.java:133)
[15:13:45] [ERROR] !   at …rhino.Context.reportRuntimeError(Context.java:173)
[15:13:45] [ERROR] !   at …kubejs.script.ScriptManager.loadJavaClass(ScriptManager.java:284)
[15:13:45] [ERROR] !   at …kubejs.bindings.JavaWrapper.loadClass(JavaWrapper.java:23)
[15:13:45] [ERROR] !   at java.lang.reflect.Method.invoke(Method.java:569)
[15:13:45] [ERROR] !   at …rhino.MemberBox.invoke(MemberBox.java:160)
[15:13:45] [ERROR] !   at …rhino.NativeJavaMethod.call(NativeJavaMethod.java:463)
[15:13:45] [ERROR] !   at …rhino.Interpreter.interpretLoop(Interpreter.java:986)
[15:13:45] [ERROR] !   at script(addonpack_withered_soul:kubejs_scripts/angel_stuffs.js:483)
[15:13:45] [ERROR] !   at …rhino.Interpreter.interpret(Interpreter.java:370)
[15:13:45] [ERROR] !   at …rhino.InterpretedFunction.call(InterpretedFunction.java:72)
[15:13:45] [ERROR] !   at …rhino.Context.callSync(Context.java:1290)
[15:13:45] [ERROR] !   at …rhino.Context.doTopCall(Context.java:1307)
[15:13:45] [ERROR] !   at …rhino.InterpretedFunction.exec(InterpretedFunction.java:83)
[15:13:45] [ERROR] !   at …rhino.Context.evaluateString(Context.java:573)
[15:13:45] [ERROR] !   at …kubejs.script.ScriptFile.load(ScriptFile.java:17)
[15:13:45] [ERROR] !   at …kubejs.script.ScriptManager.load(ScriptManager.java:217)
[15:13:45] [ERROR] !   at …kubejs.script.ScriptManager.reload(ScriptManager.java:78)
[15:13:45] [ERROR] !   at …kubejs.server.ServerScriptManager.mixinextras$bridge$reload$7(ServerScriptManager.java)
[15:13:45] [ERROR] !   at …kubejs.server.ServerScriptManager.wrapOperation$zcp000$entityjs$captureMultiManager(ServerScriptManager.java:543)
[15:13:45] [ERROR] !   at …kubejs.server.ServerScriptManager.wrapResourceManager(ServerScriptManager.java:85)
[15:13:45] [ERROR] !   at net.minecraft.server.WorldLoader$PackConfig.localvar$bfo000$kubejs$injectKubeJSPacks(WorldLoader.java:1015)
[15:13:45] [ERROR] !   at net.minecraft.server.WorldLoader$PackConfig.m_214399_(WorldLoader.java:80)
[15:13:45] [ERROR] !   at net.minecraft.server.WorldLoader.m_214362_(WorldLoader.java:28)
[15:13:45] [ERROR] !   at net.minecraft.server.Main.lambda$main$2(Main.java:167)
[15:13:45] [ERROR] !   at net.minecraft.Util.m_214652_(Util.java:777)
[15:13:45] [ERROR] !   at net.minecraft.Util.m_214679_(Util.java:772)
[15:13:45] [ERROR] !   at net.minecraft.server.Main.main(Main.java:166)
[15:13:45] [ERROR] !   at java.lang.reflect.Method.invoke(Method.java:569)
[15:13:45] [ERROR] !   at MC-BOOTSTRAP/fml_loader@47.2.2/net.minecraftforge.fml.loading.targets.CommonLaunchHandler.runTarget(CommonLaunchHandler.java:126)
[15:13:45] [ERROR] !   at MC-BOOTSTRAP/fml_loader@47.2.2/net.minecraftforge.fml.loading.targets.CommonLaunchHandler.serverService(CommonLaunchHandler.java:118)
[15:13:45] [ERROR] !   at MC-BOOTSTRAP/fml_loader@47.2.2/net.minecraftforge.fml.loading.targets.CommonServerLaunchHandler.runService(CommonServerLaunchHandler.java:26)
[15:13:45] [ERROR] !   at MC-BOOTSTRAP/fml_loader@47.2.2/net.minecraftforge.fml.loading.targets.CommonLaunchHandler.lambda$launchService$4(CommonLaunchHandler.java:108)
[15:13:45] [ERROR] !   at MC-BOOTSTRAP/cpw.mods.modlauncher@10.0.9/cpw.mods.modlauncher.LaunchServiceHandlerDecorator.launch(LaunchServiceHandlerDecorator.java:30)
[15:13:45] [ERROR] !   at MC-BOOTSTRAP/cpw.mods.modlauncher@10.0.9/cpw.mods.modlauncher.LaunchServiceHandler.launch(LaunchServiceHandler.java:53)
[15:13:45] [ERROR] !   at MC-BOOTSTRAP/cpw.mods.modlauncher@10.0.9/cpw.mods.modlauncher.LaunchServiceHandler.launch(LaunchServiceHandler.java:71)
[15:13:45] [ERROR] !   at MC-BOOTSTRAP/cpw.mods.modlauncher@10.0.9/cpw.mods.modlauncher.Launcher.run(Launcher.java:108)
[15:13:45] [ERROR] !   at MC-BOOTSTRAP/cpw.mods.modlauncher@10.0.9/cpw.mods.modlauncher.Launcher.main(Launcher.java:78)
[15:13:45] [ERROR] !   at MC-BOOTSTRAP/cpw.mods.modlauncher@10.0.9/cpw.mods.modlauncher.BootstrapLaunchConsumer.accept(BootstrapLaunchConsumer.java:26)
[15:13:45] [ERROR] !   at MC-BOOTSTRAP/cpw.mods.modlauncher@10.0.9/cpw.mods.modlauncher.BootstrapLaunchConsumer.accept(BootstrapLaunchConsumer.java:23)
[15:13:45] [ERROR] !   at cpw.mods.bootstraplauncher@1.1.2/cpw.mods.bootstraplauncher.BootstrapLauncher.main(BootstrapLauncher.java:141)
[15:13:45] [ERROR] !   at java.lang.reflect.Method.invoke(Method.java:569)
[15:13:45] [ERROR] !   at net.neoforged.serverstarterjar.Main.mainLaunch(Main.java:266)
[15:13:45] [ERROR] !   at net.neoforged.serverstarterjar.Main.main(Main.java:70)
[15:13:45] [ERROR] !   at java.lang.reflect.Method.invoke(Method.java:569)
[15:13:45] [ERROR] !   at net.neoforged.serverstarterjar.Main8.main(Main8.java:19)
[15:13:45] [INFO] Loaded script addonpack_withered_soul:kubejs_scripts/block_damage.js in 0.001 s
[15:13:45] [INFO] Loaded script addonpack_withered_soul:kubejs_scripts/blood_hit.js in 0.0 s
[15:13:45] [INFO] Loaded script addonpack_withered_soul:kubejs_scripts/destruction.js in 0.0 s
[15:13:45] [INFO] Loaded script addonpack_withered_soul:kubejs_scripts/dialogue.js in 0.0 s
[15:13:45] [INFO] Loaded script addonpack_withered_soul:kubejs_scripts/drop_holy_emblem.js in 0.0 s
[15:13:45] [INFO] Loaded script addonpack_withered_soul:kubejs_scripts/drop_lightning_aff.js in 0.0 s
[15:13:45] [INFO] Loaded script addonpack_withered_soul:kubejs_scripts/drop_orb.js in 0.0 s
[15:13:45] [INFO] Loaded script addonpack_withered_soul:kubejs_scripts/drop_orb_death.js in 0.0 s
[15:13:45] [INFO] Loaded script addonpack_withered_soul:kubejs_scripts/drop_orb_lightn.js in 0.0 s
[15:13:45] [INFO] Loaded script addonpack_withered_soul:kubejs_scripts/drop_orb_of_blood.js in 0.0 s
[15:13:45] [INFO] Loaded script addonpack_withered_soul:kubejs_scripts/drop_orb_of_ender.js in 0.001 s
[15:13:45] [INFO] Loaded script addonpack_withered_soul:kubejs_scripts/drop_orb_of_watch.js in 0.0 s
[15:13:45] [INFO] Loaded script addonpack_withered_soul:kubejs_scripts/fake_entity_test.js in 0.0 s
[15:13:45] [INFO] Loaded script addonpack_withered_soul:kubejs_scripts/hexcasting_stuffs.js in 0.0 s
[15:13:45] [INFO] addonpack_withered_soul:kubejs_scripts/item_skins.js#1: Loaded Java class 'mod.maxbogomol.fluffy_fur.common.itemskin.ItemSkin'
[15:13:45] [INFO] Loaded script addonpack_withered_soul:kubejs_scripts/item_skins.js in 0.001 s
[15:13:45] [INFO] Loaded script addonpack_withered_soul:kubejs_scripts/kills.js in 0.0 s
[15:13:45] [INFO] Loaded script addonpack_withered_soul:kubejs_scripts/lightning_hit.js in 0.0 s
[15:13:45] [INFO] addonpack_withered_soul:kubejs_scripts/mob_tame.js#1: Loaded Java class 'net.minecraft.world.entity.ai.goal.target.NearestAttackableTargetGoal'
[15:13:45] [INFO] addonpack_withered_soul:kubejs_scripts/mob_tame.js#2: Loaded Java class 'net.minecraft.world.entity.monster.Spider$SpiderTargetGoal'
[15:13:45] [INFO] addonpack_withered_soul:kubejs_scripts/mob_tame.js#3: Loaded Java class 'net.minecraft.world.entity.ai.goal.target.HurtByTargetGoal'
[15:13:45] [INFO] addonpack_withered_soul:kubejs_scripts/mob_tame.js#4: Loaded Java class 'net.minecraft.world.entity.ai.goal.MeleeAttackGoal'
[15:13:45] [INFO] addonpack_withered_soul:kubejs_scripts/mob_tame.js#5: Loaded Java class 'net.minecraft.world.entity.PathfinderMob'
[15:13:45] [INFO] addonpack_withered_soul:kubejs_scripts/mob_tame.js#6: Loaded Java class 'net.minecraft.world.entity.animal.IronGolem'
[15:13:45] [INFO] addonpack_withered_soul:kubejs_scripts/mob_tame.js#7: Loaded Java class 'net.minecraft.world.entity.LivingEntity'
[15:13:45] [INFO] addonpack_withered_soul:kubejs_scripts/mob_tame.js#8: Loaded Java class 'net.liopyu.entityjs.util.ai.CustomGoal'
[15:13:45] [INFO] addonpack_withered_soul:kubejs_scripts/mob_tame.js#9: Loaded Java class 'net.minecraft.world.entity.player.Player'
[15:13:45] [INFO] addonpack_withered_soul:kubejs_scripts/mob_tame.js#10: Loaded Java class 'net.minecraft.world.entity.FlyingMob'
[15:13:45] [INFO] addonpack_withered_soul:kubejs_scripts/mob_tame.js#11: Loaded Java class 'net.minecraft.world.entity.TamableAnimal'
[15:13:45] [INFO] addonpack_withered_soul:kubejs_scripts/mob_tame.js#12: Loaded Java class 'net.minecraft.world.level.ClipContext'
[15:13:46] [INFO] addonpack_withered_soul:kubejs_scripts/mob_tame.js#13: Loaded Java class 'net.minecraft.world.phys.HitResult$Type'
[15:13:46] [INFO] Loaded script addonpack_withered_soul:kubejs_scripts/mob_tame.js in 0.16 s
[15:13:46] [INFO] addonpack_withered_soul:kubejs_scripts/server_to_client.js#1: Loaded Java class 'net.minecraft.nbt.CompoundTag'
[15:13:46] [INFO] Loaded script addonpack_withered_soul:kubejs_scripts/server_to_client.js in 0.002 s
[15:13:46] [INFO] Loaded script addonpack_withered_soul:kubejs_scripts/test.js in 0.0 s
[15:13:46] [INFO] addonpack_withered_soul:kubejs_scripts/throw_scythe.js#15: Loaded Java class 'net.minecraft.world.phys.AABB'
[15:13:46] [INFO] addonpack_withered_soul:kubejs_scripts/throw_scythe.js#17: Loaded Java class 'net.minecraft.world.damagesource.DamageSource'
[15:13:46] [INFO] addonpack_withered_soul:kubejs_scripts/throw_scythe.js#18: Loaded Java class 'net.minecraft.world.damagesource.DamageSources'
[15:13:46] [INFO] Loaded script addonpack_withered_soul:kubejs_scripts/throw_scythe.js in 0.052 s
[15:13:46] [INFO] Loaded 22/23 KubeJS server scripts in 0.329 s with 1 errors and 0 warnings
[15:13:46] [INFO] Scripts loaded
[15:13:46] [INFO] Initializing recipe event...
[15:13:55] [INFO] Processing recipes...
[15:13:56] [WARN] Failed to parse recipe 'luminousworld:goldhammerrecipe[minecraft:smithing_transform]'! Falling back to vanilla: Ingredient 'template' can't be empty!
[15:13:56] [WARN] Failed to parse recipe 'luminousworld:diamondhammerrecipe[minecraft:smithing_transform]'! Falling back to vanilla: Ingredient 'template' can't be empty!
[15:13:56] [WARN] Failed to parse recipe 'unusualend:music_disc_endstone_golem[minecraft:smithing_transform]'! Falling back to vanilla: Ingredient 'template' can't be empty!
[15:13:56] [WARN] Failed to parse recipe 'luminousworld:netheritehammerupgrade[minecraft:smithing_transform]'! Falling back to vanilla: Ingredient 'template' can't be empty!
[15:13:56] [WARN] Failed to parse recipe 'netherexp:stonecutting/from_pale_soul_slate/indented[minecraft:stonecutting]'! Falling back to vanilla: ItemStack 'result' can't be empty!
[15:13:56] [INFO] Found 9919 recipes in 740.2 ms
[15:14:00] [INFO] addonpack_withered_soul:kubejs_scripts/angel_stuffs.js#133: === Gold-value table ===
[15:14:00] [INFO] addonpack_withered_soul:kubejs_scripts/angel_stuffs.js#135: better_weaponry:golden_sai requires 2 gold_ingots
[15:14:00] [INFO] addonpack_withered_soul:kubejs_scripts/angel_stuffs.js#135: jewelry:tanzanite_ring requires 3 gold_ingots
[15:14:00] [INFO] addonpack_withered_soul:kubejs_scripts/angel_stuffs.js#135: jewelry:netherite_ruby_ring requires 2 gold_ingots
[15:14:00] [INFO] addonpack_withered_soul:kubejs_scripts/angel_stuffs.js#135: better_weaponry:golden_glaive requires 2 gold_ingots
[15:14:00] [INFO] addonpack_withered_soul:kubejs_scripts/angel_stuffs.js#135: farmersdelight:golden_knife requires 1 gold_ingots
[15:14:00] [INFO] addonpack_withered_soul:kubejs_scripts/angel_stuffs.js#135: jewelry:sapphire_necklace requires 1 gold_ingots
[15:14:00] [INFO] addonpack_withered_soul:kubejs_scripts/angel_stuffs.js#135: better_weaponry:golden_chakram requires 4 gold_ingots
[15:14:00] [INFO] addonpack_withered_soul:kubejs_scripts/angel_stuffs.js#135: better_weaponry:golden_sickle requires 2 gold_ingots
[15:14:00] [INFO] addonpack_withered_soul:kubejs_scripts/angel_stuffs.js#135: luminousworld:butterfly_net requires 2 gold_ingots
[15:14:00] [INFO] addonpack_withered_soul:kubejs_scripts/angel_stuffs.js#135: jewelry:jade_necklace requires 1 gold_ingots
[15:14:00] [INFO] addonpack_withered_soul:kubejs_scripts/angel_stuffs.js#135: cc_mb:sound_shard requires 1 gold_ingots
[15:14:00] [INFO] addonpack_withered_soul:kubejs_scripts/angel_stuffs.js#135: jewelry:citrine_ring requires 3 gold_ingots
[15:14:00] [INFO] addonpack_withered_soul:kubejs_scripts/angel_stuffs.js#135: better_weaponry:golden_scythe requires 4 gold_ingots
[15:14:00] [INFO] addonpack_withered_soul:kubejs_scripts/angel_stuffs.js#135: better_weaponry:golden_shield requires 1 gold_ingots
[15:14:00] [INFO] addonpack_withered_soul:kubejs_scripts/angel_stuffs.js#135: better_weaponry:golden_rapier requires 2 gold_ingots
[15:14:00] [INFO] addonpack_withered_soul:kubejs_scripts/angel_stuffs.js#135: jewelry:topaz_ring requires 3 gold_ingots
[15:14:00] [INFO] addonpack_withered_soul:kubejs_scripts/angel_stuffs.js#135: jewelry:emerald_necklace requires 1 gold_ingots
[15:14:00] [INFO] addonpack_withered_soul:kubejs_scripts/angel_stuffs.js#135: better_weaponry:golden_dagger requires 1 gold_ingots
[15:14:00] [INFO] addonpack_withered_soul:kubejs_scripts/angel_stuffs.js#135: minecraft:gold_nugget requires 0.1111111111111111 gold_ingots
[15:14:00] [INFO] addonpack_withered_soul:kubejs_scripts/angel_stuffs.js#135: jewelry:netherite_jade_ring requires 2 gold_ingots
[15:14:00] [INFO] addonpack_withered_soul:kubejs_scripts/angel_stuffs.js#135: jewelry:netherite_tanzanite_ring requires 2 gold_ingots
[15:14:00] [INFO] addonpack_withered_soul:kubejs_scripts/angel_stuffs.js#135: jewelry:sapphire_ring requires 3 gold_ingots
[15:14:00] [INFO] addonpack_withered_soul:kubejs_scripts/angel_stuffs.js#135: jewelry:diamond_necklace requires 1 gold_ingots
[15:14:00] [INFO] addonpack_withered_soul:kubejs_scripts/angel_stuffs.js#135: crittersandcompanions:gold_dragonfly_armor requires 3 gold_ingots
[15:14:00] [INFO] addonpack_withered_soul:kubejs_scripts/angel_stuffs.js#135: jewelry:ruby_ring requires 3 gold_ingots
[15:14:00] [INFO] addonpack_withered_soul:kubejs_scripts/angel_stuffs.js#135: netherexp:netherite_plating requires 0.015625 gold_ingots
[15:14:00] [INFO] addonpack_withered_soul:kubejs_scripts/angel_stuffs.js#135: caverns_and_chasms:golden_bars requires 0.375 gold_ingots
[15:14:00] [INFO] addonpack_withered_soul:kubejs_scripts/angel_stuffs.js#135: jewelry:netherite_citrine_ring requires 2 gold_ingots
[15:14:00] [INFO] addonpack_withered_soul:kubejs_scripts/angel_stuffs.js#135: undergarden:catalyst requires 4 gold_ingots
[15:14:00] [INFO] addonpack_withered_soul:kubejs_scripts/angel_stuffs.js#135: better_weaponry:golden_battleaxe requires 5 gold_ingots
[15:14:00] [INFO] addonpack_withered_soul:kubejs_scripts/angel_stuffs.js#135: minecraft:gold_block requires 9 gold_ingots
[15:14:00] [INFO] addonpack_withered_soul:kubejs_scripts/angel_stuffs.js#135: jewelry:tanzanite_necklace requires 1 gold_ingots
[15:14:00] [INFO] addonpack_withered_soul:kubejs_scripts/angel_stuffs.js#135: better_weaponry:golden_cutlass requires 2 gold_ingots
[15:14:00] [INFO] addonpack_withered_soul:kubejs_scripts/angel_stuffs.js#135: minecraft:golden_apple requires 8 gold_ingots
[15:14:00] [INFO] addonpack_withered_soul:kubejs_scripts/angel_stuffs.js#135: jewelry:jewelers_kit requires 1 gold_ingots
[15:14:00] [INFO] addonpack_withered_soul:kubejs_scripts/angel_stuffs.js#135: better_weaponry:golden_katana requires 2 gold_ingots
[15:14:00] [INFO] addonpack_withered_soul:kubejs_scripts/angel_stuffs.js#135: better_weaponry:golden_spear requires 1 gold_ingots
[15:14:00] [INFO] addonpack_withered_soul:kubejs_scripts/angel_stuffs.js#135: jewelry:topaz_necklace requires 1 gold_ingots
[15:14:00] [INFO] addonpack_withered_soul:kubejs_scripts/angel_stuffs.js#135: better_weaponry:golden_claymore requires 4 gold_ingots
[15:14:00] [INFO] addonpack_withered_soul:kubejs_scripts/angel_stuffs.js#135: jewelry:netherite_sapphire_ring requires 2 gold_ingots
[15:14:00] [INFO] addonpack_withered_soul:kubejs_scripts/angel_stuffs.js#135: jewelry:ruby_necklace requires 1 gold_ingots
[15:14:00] [INFO] addonpack_withered_soul:kubejs_scripts/angel_stuffs.js#135: jewelry:gold_ring requires 4 gold_ingots
[15:14:00] [INFO] addonpack_withered_soul:kubejs_scripts/angel_stuffs.js#135: better_weaponry:golden_shuriken requires 4 gold_ingots
[15:14:00] [INFO] addonpack_withered_soul:kubejs_scripts/angel_stuffs.js#135: jewelry:citrine_necklace requires 1 gold_ingots
[15:14:00] [INFO] addonpack_withered_soul:kubejs_scripts/angel_stuffs.js#135: jewelry:netherite_topaz_ring requires 2 gold_ingots
[15:14:00] [INFO] addonpack_withered_soul:kubejs_scripts/angel_stuffs.js#135: better_weaponry:golden_broadsword requires 6 gold_ingots
[15:14:00] [INFO] addonpack_withered_soul:kubejs_scripts/angel_stuffs.js#135: better_weaponry:golden_hammer requires 6 gold_ingots
[15:14:00] [INFO] addonpack_withered_soul:kubejs_scripts/angel_stuffs.js#135: jewelry:jade_ring requires 3 gold_ingots
[15:14:00] [INFO] addonpack_withered_soul:kubejs_scripts/angel_stuffs.js#135: xercamusic:music_box requires 1 gold_ingots
[15:14:00] [INFO] addonpack_withered_soul:kubejs_scripts/angel_stuffs.js#135: minecraft:gold_ingot requires NaN gold_ingots
[15:14:00] [INFO] addonpack_withered_soul:kubejs_scripts/angel_stuffs.js#135: xercamusic:french_horn requires NaN gold_ingots
[15:14:00] [INFO] addonpack_withered_soul:kubejs_scripts/angel_stuffs.js#135: alexis_64_stairs:gold_stairs requires 13.5 gold_ingots
[15:14:00] [INFO] addonpack_withered_soul:kubejs_scripts/angel_stuffs.js#135: alexis_64_stairs:gold_slab requires 4.5 gold_ingots
[15:14:00] [INFO] addonpack_withered_soul:kubejs_scripts/angel_stuffs.js#135: quark:golden_apple_crate requires NaN gold_ingots
[15:14:00] [INFO] addonpack_withered_soul:kubejs_scripts/angel_stuffs.js#135: caverns_and_chasms:golden_bucket requires NaN gold_ingots
[15:14:00] [INFO] addonpack_withered_soul:kubejs_scripts/angel_stuffs.js#135: xercamusic:saxophone requires NaN gold_ingots
[15:14:00] [INFO] Posted recipe events in 3.912 s
[15:14:00] [WARN] Error parsing recipe fcru:small_oak_wood[farmersdelight:cutting]: {"type":"farmersdelight:cutting","ingredients":[{"item":"regions_unexplored:small_oak_wood"}],"tool":{"type":"farmersdelight:tool_action","action":"axe_strip"},"result":[{"item":"regions_unexplored:stripped_small_oak_wood"},{"item":"farmersdelight:tree_bark"}],"sound":"minecraft:item.axe.strip"}: Unknown item 'regions_unexplored:small_oak_wood'
[15:14:01] [INFO] Added 1 recipes, removed 0 recipes, modified 0 recipes, with 1 failed recipes in 935.9 ms
[15:14:02] [WARN] addonpack_withered_soul:kubejs_scripts/drop_orb_death.js#6: You don't need to call .ignoreNBT() anymore, all item ingredients ignore NBT by default!
[15:14:11] [INFO] Server resource reload complete!
