[15:13:19] [INIT] KubeJS 2001.6.5-build.16; MC 2001 forge
[15:13:19] [INIT] Loaded plugins:
[15:13:19] [INIT] - org.mesdag.revjs.RevJSPlugin
[15:13:19] [INIT] - dev.latvian.mods.kubejs.forge.BuiltinKubeJSForgePlugin
[15:13:19] [INIT] - pro.mikey.kubeutils.kubejs.KubeUtilsPlugin
[15:13:19] [INIT] - net.zhaiji.kubejscurios.kubejs.KubeJSCuriosPlugin
[15:13:19] [INIT] - net.threetag.palladium.compat.kubejs.PalladiumKubeJSPlugin
[15:13:19] [INIT] - com.lowdragmc.lowdraglib.kjs.LDLibKubeJSPlugin
[15:13:19] [INIT] - pie.ilikepiefoo.kubejsoffline.OfflinePlugin
[15:13:19] [INIT] - com.squoshi.irons_spells_js.IronsSpellsJSPlugin
[15:13:19] [INIT] - com.squoshi.irons_spells_js.compat.entityjs.EntityJSPlugin
[15:13:19] [INIT] - zank.mods.eventjs.EventJSKubeJSPlugin
[15:13:19] [INIT] - mod.chloeprime.aaaparticles.common.compat.kubejs.AAAParticleKubeJSPlugin
[15:13:19] [INIT] - com.yiran.jsjs.kubejs.JavaScriptJSPlugin
[15:13:19] [INIT] - net.liopyu.entityjs.EntityJSPlugin
[15:13:19] [INIT] - com.almostreliable.morejs.Plugin
[15:13:19] [INIT] - pie.ilikepiefoo.AdditionsPlugin
[15:13:19] [INIT] - pie.ilikepiefoo.compat.jei.JEIKubeJSPlugin
[15:13:19] [INIT] - com.common.keybindjs.kubejs.KeyBindJSPlugin
[15:13:19] [INIT] - com.almostreliable.lootjs.kube.LootJSPlugin
[15:13:19] [INIT] - net.liopyu.animationjs.AnimationJSPlugin
[15:13:25] [INFO] example.js#5: Hello, World! (Loaded startup scripts)
[15:13:25] [INFO] Loaded script startup_scripts:example.js in 0.175 s
[15:13:25] [INFO] addonpack_withered_soul:kubejs_scripts/custom_abilities.js#1: Loaded Java class 'net.minecraft.nbt.CompoundTag'
[15:13:25] [INFO] Loaded script addonpack_withered_soul:kubejs_scripts/custom_abilities.js in 0.102 s
[15:13:25] [INFO] Loaded script addonpack_withered_soul:kubejs_scripts/dialogue.js in 0.005 s
[15:13:25] [INFO] Loaded script addonpack_withered_soul:kubejs_scripts/fake_player_render.js in 0.0 s
[15:13:25] [INFO] Loaded script addonpack_withered_soul:kubejs_scripts/global_functions.js in 0.021 s
[15:13:25] [INFO] Loaded script addonpack_withered_soul:kubejs_scripts/hexcasting_stuffs.js in 0.001 s
[15:13:25] [INFO] Loaded script addonpack_withered_soul:kubejs_scripts/items.js in 0.0 s
[15:13:25] [INFO] addonpack_withered_soul:kubejs_scripts/mob_taming.js#7: Loaded Java class 'net.minecraft.world.entity.LivingEntity'
[15:13:25] [INFO] addonpack_withered_soul:kubejs_scripts/mob_taming.js#8: Loaded Java class 'net.minecraft.world.Difficulty'
[15:13:25] [INFO] addonpack_withered_soul:kubejs_scripts/mob_taming.js#9: Loaded Java class 'net.minecraft.world.entity.player.Player'
[15:13:25] [INFO] addonpack_withered_soul:kubejs_scripts/mob_taming.js#10: Loaded Java class 'net.minecraft.world.phys.Vec2'
[15:13:25] [INFO] addonpack_withered_soul:kubejs_scripts/mob_taming.js#11: Loaded Java class 'net.minecraft.world.entity.FlyingMob'
[15:13:25] [INFO] addonpack_withered_soul:kubejs_scripts/mob_taming.js#12: Loaded Java class 'net.minecraft.world.entity.animal.WaterAnimal'
[15:13:25] [INFO] addonpack_withered_soul:kubejs_scripts/mob_taming.js#13: Loaded Java class 'net.minecraft.world.entity.ai.navigation.WallClimberNavigation'
[15:13:25] [INFO] Loaded script addonpack_withered_soul:kubejs_scripts/mob_taming.js in 0.108 s
[15:13:25] [INFO] Loaded script addonpack_withered_soul:kubejs_scripts/modify_entity.js in 0.0 s
[15:13:25] [INFO] Loaded script addonpack_withered_soul:kubejs_scripts/test.js in 0.0 s
[15:13:25] [INFO] Loaded script addonpack_grave.core:kubejs_scripts/wall_climb_move_condition.js in 0.002 s
[15:13:25] [INFO] Loaded script addonpack_grave.core:kubejs_scripts/wall_climb_condition.js in 0.001 s
[15:13:25] [INFO] addonpack_grave.core:kubejs_scripts/wall_climb.js#2: Loaded Java class 'net.minecraft.network.protocol.game.ClientboundSetEntityMotionPacket'
[15:13:25] [INFO] Loaded script addonpack_grave.core:kubejs_scripts/wall_climb.js in 0.011 s
[15:13:25] [INFO] Loaded script addonpack_grave.core:kubejs_scripts/uuid_condition.js in 0.001 s
[15:13:25] [INFO] Loaded script addonpack_grave.core:kubejs_scripts/store_armour.js in 0.001 s
[15:13:25] [INFO] Loaded script addonpack_grave.core:kubejs_scripts/stone_index.js in 0.007 s
[15:13:25] [INFO] Loaded script addonpack_grave.core:kubejs_scripts/stone_detection.js in 0.002 s
[15:13:25] [INFO] Loaded script addonpack_grave.core:kubejs_scripts/sonic_deafening.js in 0.0 s
[15:13:25] [INFO] Loaded script addonpack_grave.core:kubejs_scripts/snazzier_attribute_ability.js in 0.001 s
[15:13:25] [INFO] Loaded script addonpack_grave.core:kubejs_scripts/shock_effect.js in 0.001 s
[15:13:25] [INFO] Loaded script addonpack_grave.core:kubejs_scripts/projectile_script.js in 0.002 s
[15:13:25] [INFO] Loaded script addonpack_grave.core:kubejs_scripts/movement.js in 0.001 s
[15:13:25] [INFO] Loaded script addonpack_grave.core:kubejs_scripts/month_condition.js in 0.0 s
[15:13:25] [INFO] Loaded script addonpack_grave.core:kubejs_scripts/main_hand_condition.js in 0.0 s
[15:13:25] [INFO] Loaded script addonpack_grave.core:kubejs_scripts/items.js in 0.009 s
[15:13:25] [INFO] addonpack_grave.core:kubejs_scripts/get_energy_condition.js#2: Loaded Java class 'net.threetag.palladium.compat.curiostinkets.CuriosTrinketsUtil'
[15:13:25] [INFO] addonpack_grave.core:kubejs_scripts/get_energy_condition.js#3: Loaded Java class 'net.threetag.palladium.energy.EnergyHelper'
[15:13:25] [INFO] Loaded script addonpack_grave.core:kubejs_scripts/get_energy_condition.js in 0.014 s
[15:13:25] [INFO] Loaded script addonpack_grave.core:kubejs_scripts/freeze_effect.js in 0.001 s
[15:13:25] [INFO] addonpack_grave.core:kubejs_scripts/dynamic_pehkui_scale.js#1: Loaded Java class 'net.threetag.palladium.util.SizeUtil'
[15:13:25] [INFO] Loaded script addonpack_grave.core:kubejs_scripts/dynamic_pehkui_scale.js in 0.011 s
[15:13:25] [INFO] Loaded script addonpack_grave.core:kubejs_scripts/drain_per_tick.js in 0.001 s
[15:13:25] [INFO] Loaded script addonpack_grave.core:kubejs_scripts/date_condition.js in 0.002 s
[15:13:25] [INFO] Loaded script addonpack_grave.core:kubejs_scripts/burning_effect.js in 0.0 s
[15:13:25] [INFO] Loaded script addonpack_grave.core:kubejs_scripts/blocks.js in 0.005 s
[15:13:25] [INFO] Loaded script addonpack_grave.core:kubejs_scripts/aoe_damage.js in 0.005 s
[15:13:25] [INFO] Loaded 33/33 KubeJS startup scripts in 4.606 s with 0 errors and 0 warnings
