[2025-07-01 21:20:43][WARNING] 
################################
 There is a problem with your BlueMap setup!
 BlueMap was not able to download some important resources!
 Make sure BlueMap is able to connect to mojang-servers (https://piston-meta.mojang.com/).
################################
[2025-07-01 21:20:43][SEVERE] Failed to load bluemap!
java.io.IOException: de.bluecolored.bluemap.common.config.ConfigurationException: java.nio.channels.ClosedByInterruptException
	at TRANSFORMER/bluemap@5.3/de.bluecolored.bluemap.common.plugin.Plugin.load(Plugin.java:384)
	at TRANSFORMER/bluemap@5.3/de.bluecolored.bluemap.common.plugin.Plugin.load(Plugin.java:113)
	at TRANSFORMER/bluemap@5.3/de.bluecolored.bluemap.forge.ForgeMod.lambda$onServerStarted$4(ForgeMod.java:122)
	at java.base/java.lang.Thread.run(Thread.java:840)
Caused by: de.bluecolored.bluemap.common.config.ConfigurationException: java.nio.channels.ClosedByInterruptException
	at TRANSFORMER/bluemap@5.3/de.bluecolored.bluemap.common.BlueMapService.getOrLoadMinecraftVersion(BlueMapService.java:456)
	at TRANSFORMER/bluemap@5.3/de.bluecolored.bluemap.common.BlueMapService.getOrLoadResourcePack(BlueMapService.java:322)
	at TRANSFORMER/bluemap@5.3/de.bluecolored.bluemap.common.plugin.Plugin.load(Plugin.java:171)
	... 3 more
Caused by: java.nio.channels.ClosedByInterruptException
	at java.base/java.nio.channels.spi.AbstractInterruptibleChannel.end(AbstractInterruptibleChannel.java:199)
	at java.base/sun.nio.ch.FileChannelImpl.endBlocking(FileChannelImpl.java:171)
	at java.base/sun.nio.ch.FileChannelImpl.size(FileChannelImpl.java:395)
	at jdk.zipfs@17.0.12/jdk.nio.zipfs.ZipFileSystem.findEND(ZipFileSystem.java:1255)
	at jdk.zipfs@17.0.12/jdk.nio.zipfs.ZipFileSystem.initCEN(ZipFileSystem.java:1534)
	at jdk.zipfs@17.0.12/jdk.nio.zipfs.ZipFileSystem.<init>(ZipFileSystem.java:179)
	at jdk.zipfs@17.0.12/jdk.nio.zipfs.ZipFileSystemProvider.getZipFileSystem(ZipFileSystemProvider.java:125)
	at jdk.zipfs@17.0.12/jdk.nio.zipfs.ZipFileSystemProvider.newFileSystem(ZipFileSystemProvider.java:120)
	at java.base/java.nio.file.FileSystems.newFileSystem(FileSystems.java:528)
	at java.base/java.nio.file.FileSystems.newFileSystem(FileSystems.java:400)
	at TRANSFORMER/bluemap@5.3/de.bluecolored.bluemap.core.resources.MinecraftVersion.loadVersionInfo(MinecraftVersion.java:191)
	at TRANSFORMER/bluemap@5.3/de.bluecolored.bluemap.core.resources.MinecraftVersion.load(MinecraftVersion.java:124)
	at TRANSFORMER/bluemap@5.3/de.bluecolored.bluemap.common.BlueMapService.getOrLoadMinecraftVersion(BlueMapService.java:444)
	... 5 more

